2024-03-02 19:16:11,378 - INFO - starting app
2024-03-02 19:16:15,926 - INFO - starting app
2024-03-02 19:16:25,871 - INFO - starting app
2024-03-02 19:18:46,833 - INFO - starting app
2024-03-02 19:19:14,191 - INFO - Starting ................
2024-03-02 19:19:14,196 - INFO - ended.
2024-03-02 19:19:28,446 - INFO - starting app
2024-03-02 19:19:30,576 - INFO - starting app
2024-03-02 19:19:36,861 - INFO - starting app
2024-03-02 19:19:43,197 - INFO - starting app
2024-03-02 19:19:45,903 - INFO - Starting ................
2024-03-02 19:19:45,906 - INFO - ended. process_time: 0.0024340152740478516
2024-03-02 19:20:15,078 - INFO - starting app
2024-03-02 19:20:30,307 - INFO - starting app
2024-03-02 19:20:35,664 - INFO - starting app
2024-03-02 19:20:37,714 - INFO - starting app
2024-03-02 19:20:39,891 - INFO - starting app
2024-03-02 19:20:47,219 - INFO - starting app
2024-03-02 19:20:53,804 - INFO - starting app
2024-03-02 19:21:08,017 - INFO - starting app
2024-03-02 19:21:26,439 - INFO - Starting ................
2024-03-02 19:21:26,445 - INFO - ended. process_time: 0.005656003952026367
2024-03-02 19:21:32,982 - INFO - Starting ................
2024-03-02 19:21:32,997 - WARNING - Product is no more available
2024-03-02 19:21:33,000 - INFO - ended. process_time: 0.016301870346069336
2024-03-02 19:23:50,654 - INFO - starting app
2024-03-02 19:24:23,889 - INFO - starting app
2024-03-02 19:24:34,789 - INFO - starting app
2024-03-09 13:56:51,245 - INFO - starting app
2024-03-09 13:56:54,725 - INFO - Starting ................
2024-03-09 13:56:54,727 - INFO - ended. process_time: 0.0019981861114501953
2024-03-09 13:56:59,290 - INFO - Starting ................
2024-03-09 13:56:59,292 - INFO - ended. process_time: 0.000997304916381836
2024-03-09 13:56:59,422 - INFO - Starting ................
2024-03-09 13:56:59,430 - INFO - ended. process_time: 0.006996631622314453
2024-03-09 13:57:27,125 - INFO - starting app
2024-03-09 13:57:30,240 - INFO - starting app
2024-03-09 13:57:31,225 - INFO - Starting ................
2024-03-09 13:57:31,230 - INFO - ended. process_time: 0.003002166748046875
2024-03-09 13:57:31,333 - INFO - Starting ................
2024-03-09 13:57:31,341 - INFO - ended. process_time: 0.00799560546875
2024-03-09 13:57:44,065 - INFO - Starting ................
2024-03-09 13:57:44,069 - INFO - ended. process_time: 0.002997875213623047
2024-03-09 14:00:02,300 - INFO - starting app
2024-03-09 14:00:03,678 - INFO - starting app
2024-03-09 14:00:07,506 - INFO - Starting ................
2024-03-09 14:00:07,508 - INFO - ended. process_time: 0.0009982585906982422
2024-03-09 14:00:07,635 - INFO - Starting ................
2024-03-09 14:00:07,644 - INFO - ended. process_time: 0.00899505615234375
2024-03-09 14:00:31,129 - INFO - Starting ................
2024-03-09 14:00:31,133 - INFO - ended. process_time: 0.0029964447021484375
2024-03-09 14:02:11,661 - INFO - starting app
2024-03-09 14:02:13,305 - INFO - starting app
2024-03-09 14:02:15,664 - INFO - Starting ................
2024-03-09 14:02:15,667 - INFO - ended. process_time: 0.001996278762817383
2024-03-09 14:02:15,835 - INFO - Starting ................
2024-03-09 14:02:15,846 - INFO - ended. process_time: 0.010874748229980469
2024-03-09 14:02:37,827 - INFO - Starting ................
2024-03-09 14:02:37,830 - INFO - ended. process_time: 0.0019979476928710938
2024-03-09 14:04:06,039 - INFO - starting app
2024-03-09 14:04:13,303 - INFO - starting app
2024-03-09 14:04:16,006 - INFO - starting app
2024-03-09 14:04:20,168 - INFO - starting app
2024-03-09 14:04:24,544 - INFO - Starting ................
2024-03-09 14:04:24,547 - INFO - ended. process_time: 0.0020024776458740234
2024-03-09 14:04:24,727 - INFO - Starting ................
2024-03-09 14:04:24,738 - INFO - ended. process_time: 0.010415315628051758
2024-03-09 14:04:30,459 - INFO - Starting ................
2024-03-09 14:04:30,464 - INFO - ended. process_time: 0.0038728713989257812
2024-03-09 14:04:34,118 - INFO - Starting ................
2024-03-09 14:04:34,120 - INFO - ended. process_time: 0.0009989738464355469
2024-03-09 14:13:43,175 - INFO - starting app
2024-03-09 14:13:46,092 - INFO - starting app
2024-03-09 14:14:01,970 - INFO - starting app
2024-03-09 14:14:14,007 - INFO - starting app
2024-03-09 14:14:16,420 - INFO - starting app
2024-03-09 14:15:42,836 - INFO - starting app
2024-03-09 14:15:45,349 - INFO - starting app
2024-03-09 14:17:04,830 - INFO - starting app
2024-03-09 14:17:07,446 - INFO - starting app
2024-03-09 14:17:44,792 - INFO - Starting ................
2024-03-09 14:17:44,800 - INFO - ended. process_time: 0.008007287979125977
2024-03-09 14:17:45,083 - INFO - Starting ................
2024-03-09 14:17:45,105 - INFO - ended. process_time: 0.0136260986328125
2024-03-09 14:19:04,135 - INFO - starting app
2024-03-09 14:19:10,081 - INFO - starting app
2024-03-09 14:19:49,495 - INFO - starting app
2024-03-09 14:20:15,045 - INFO - starting app
2024-03-09 14:20:17,181 - INFO - starting app
2024-03-09 14:20:24,857 - INFO - starting app
2024-03-09 14:20:25,785 - INFO - Starting ................
2024-03-09 14:20:25,785 - INFO - ended. process_time: 0.0
2024-03-09 14:20:26,002 - INFO - Starting ................
2024-03-09 14:20:26,022 - INFO - ended. process_time: 0.016371965408325195
2024-03-09 14:20:26,709 - INFO - Starting ................
2024-03-09 14:20:26,709 - INFO - ended. process_time: 0.0
2024-03-09 14:20:26,846 - INFO - Starting ................
2024-03-09 14:20:26,846 - INFO - ended. process_time: 0.0
2024-03-09 14:20:31,679 - INFO - Starting ................
2024-03-09 14:20:31,679 - INFO - ended. process_time: 0.0
2024-03-09 14:20:31,850 - INFO - Starting ................
2024-03-09 14:20:31,859 - INFO - ended. process_time: 0.0
2024-03-09 14:20:33,307 - INFO - Starting ................
2024-03-09 14:20:33,315 - INFO - ended. process_time: 0.007999181747436523
2024-03-09 14:20:37,557 - INFO - Starting ................
2024-03-09 14:20:37,557 - INFO - ended. process_time: 0.0
2024-03-09 14:20:37,726 - INFO - Starting ................
2024-03-09 14:20:37,726 - INFO - ended. process_time: 0.0
2024-03-09 14:20:43,945 - INFO - Starting ................
2024-03-09 14:20:43,953 - INFO - ended. process_time: 0.0
2024-03-09 14:22:02,833 - INFO - starting app
2024-03-09 14:28:02,316 - INFO - Starting ................
2024-03-09 14:28:02,316 - INFO - ended. process_time: 0.0
2024-03-09 14:28:02,524 - INFO - Starting ................
2024-03-09 14:28:02,545 - INFO - ended. process_time: 0.012837409973144531
2024-03-09 17:23:32,377 - INFO - starting app
2024-03-09 17:23:36,361 - INFO - Starting ................
2024-03-09 17:23:36,369 - INFO - ended. process_time: 0.008001327514648438
2024-03-09 17:23:42,312 - INFO - Starting ................
2024-03-09 17:23:42,320 - INFO - ended. process_time: 0.0
2024-03-09 17:23:42,499 - INFO - Starting ................
2024-03-09 17:23:42,507 - INFO - ended. process_time: 0.00800323486328125
2024-03-09 17:23:51,927 - INFO - Starting ................
2024-03-09 17:23:51,931 - INFO - ended. process_time: 0.0
2024-03-09 17:24:11,721 - INFO - Starting ................
2024-03-09 17:24:11,721 - INFO - ended. process_time: 0.0
2024-03-09 17:24:24,837 - INFO - Starting ................
2024-03-09 17:24:24,845 - INFO - ended. process_time: 0.008002758026123047
2024-03-09 17:24:34,968 - INFO - Starting ................
2024-03-09 17:24:34,968 - INFO - ended. process_time: 0.0
2024-03-09 17:25:01,784 - INFO - Starting ................
2024-03-09 17:25:01,784 - INFO - ended. process_time: 0.0
2024-03-09 17:25:13,668 - INFO - Starting ................
2024-03-09 17:25:13,668 - INFO - ended. process_time: 0.0
2024-03-09 17:25:38,533 - INFO - Starting ................
2024-03-09 17:25:38,533 - WARNING - Username exists
2024-03-09 17:25:38,533 - INFO - ended. process_time: 0.0
2024-03-09 17:25:47,183 - INFO - Starting ................
2024-03-09 17:25:47,183 - INFO - ended. process_time: 0.0
2024-03-09 17:26:11,039 - INFO - Starting ................
2024-03-09 17:26:11,039 - INFO - ended. process_time: 0.0
2024-03-09 17:26:47,582 - INFO - Starting ................
2024-03-09 17:26:47,589 - INFO - ended. process_time: 0.006675004959106445
2024-03-09 17:26:52,257 - INFO - Starting ................
2024-03-09 17:26:52,265 - INFO - ended. process_time: 0.008181095123291016
2024-03-09 17:27:16,866 - INFO - Starting ................
2024-03-09 17:27:16,874 - INFO - ended. process_time: 0.008002996444702148
2024-03-09 17:27:22,822 - INFO - Starting ................
2024-03-09 17:27:22,822 - WARNING - Product is no more available
2024-03-09 17:27:22,830 - INFO - ended. process_time: 0.0
2024-03-09 17:27:33,828 - INFO - Starting ................
2024-03-09 17:27:33,828 - INFO - ended. process_time: 0.0
2024-03-09 17:27:45,001 - INFO - Starting ................
2024-03-09 17:27:45,001 - INFO - ended. process_time: 0.0
2024-03-09 17:28:07,706 - INFO - Starting ................
2024-03-09 17:28:07,714 - INFO - ended. process_time: 0.007999181747436523
2024-03-09 17:28:53,659 - INFO - Starting ................
2024-03-09 17:28:53,659 - INFO - ended. process_time: 0.0
2024-03-09 17:29:13,047 - INFO - Starting ................
2024-03-09 17:29:13,047 - INFO - ended. process_time: 0.0
2024-03-09 17:29:35,531 - INFO - Starting ................
2024-03-09 17:29:35,531 - INFO - ended. process_time: 0.0
2024-03-09 17:29:47,488 - INFO - Starting ................
2024-03-09 17:29:47,496 - INFO - ended. process_time: 0.007997274398803711
2024-03-10 16:19:42,669 - INFO - starting app
2024-03-10 16:19:45,846 - INFO - Starting ................
2024-03-10 16:19:45,850 - INFO - ended. process_time: 0.0019974708557128906
2024-03-10 16:19:45,903 - INFO - Starting ................
2024-03-10 16:19:45,904 - INFO - ended. process_time: 0.0
2024-03-10 16:19:50,830 - INFO - Starting ................
2024-03-10 16:19:50,831 - INFO - ended. process_time: 0.0
2024-03-10 16:19:51,066 - INFO - Starting ................
2024-03-10 16:19:51,075 - INFO - ended. process_time: 0.008049249649047852
2024-03-10 16:49:30,257 - INFO - Starting ................
2024-03-10 16:49:30,261 - INFO - ended. process_time: 0.001998424530029297
2024-03-10 16:49:41,171 - INFO - Starting ................
2024-03-10 16:49:41,173 - INFO - ended. process_time: 0.000997781753540039
2024-03-10 16:50:04,199 - INFO - Starting ................
2024-03-10 16:50:04,201 - INFO - ended. process_time: 0.0019996166229248047
2024-03-10 16:50:11,869 - INFO - Starting ................
2024-03-10 16:50:11,870 - INFO - ended. process_time: 0.0009992122650146484
2024-03-10 16:51:02,469 - INFO - Starting ................
2024-03-10 16:51:02,471 - INFO - ended. process_time: 0.0010018348693847656
2024-03-10 16:51:11,767 - INFO - Starting ................
2024-03-10 16:51:11,769 - INFO - ended. process_time: 0.0009999275207519531
2024-03-10 16:51:51,284 - INFO - Starting ................
2024-03-10 16:51:51,286 - INFO - ended. process_time: 0.0020012855529785156
2024-03-10 16:51:56,534 - INFO - Starting ................
2024-03-10 16:51:56,536 - INFO - ended. process_time: 0.0010025501251220703
2024-03-10 16:52:28,630 - INFO - Starting ................
2024-03-10 16:52:28,632 - INFO - ended. process_time: 0.0019979476928710938
2024-03-10 16:52:37,156 - INFO - Starting ................
2024-03-10 16:52:37,160 - INFO - ended. process_time: 0.004010438919067383
2024-03-10 16:52:50,245 - INFO - Starting ................
2024-03-10 16:52:50,247 - INFO - ended. process_time: 0.0009989738464355469
2024-03-10 16:53:04,739 - INFO - Starting ................
2024-03-10 16:53:04,740 - INFO - ended. process_time: 0.0009996891021728516
2024-03-10 17:56:11,628 - INFO - starting app
2024-03-10 17:56:24,274 - INFO - starting app
2024-03-10 17:56:27,053 - INFO - starting app
2024-03-10 17:56:49,880 - INFO - Starting ................
2024-03-10 17:56:49,880 - WARNING - Username exists
2024-03-10 17:56:49,880 - INFO - ended. process_time: 0.0
2024-03-10 18:27:43,358 - INFO - Starting ................
2024-03-10 18:27:43,358 - INFO - ended. process_time: 0.0
2024-03-10 18:27:56,773 - INFO - Starting ................
2024-03-10 18:27:56,773 - INFO - ended. process_time: 0.0
2024-03-10 18:30:11,658 - INFO - starting app
2024-03-10 18:31:03,497 - INFO - Starting ................
2024-03-10 18:31:03,500 - INFO - ended. process_time: 0.0007064342498779297
2024-03-10 18:31:30,274 - INFO - starting app
2024-03-10 18:31:32,742 - INFO - starting app
2024-03-10 18:31:34,531 - INFO - Starting ................
2024-03-10 18:31:34,534 - INFO - ended. process_time: 0.0
2024-03-10 18:31:40,911 - INFO - Starting ................
2024-03-10 18:31:40,911 - INFO - ended. process_time: 0.0
2024-03-10 18:31:41,168 - INFO - Starting ................
2024-03-10 18:31:41,185 - INFO - ended. process_time: 0.016646862030029297
2024-03-10 18:32:02,302 - INFO - Starting ................
2024-03-10 18:32:02,307 - INFO - ended. process_time: 0.0
2024-03-10 18:32:14,948 - INFO - starting app
2024-03-10 18:32:22,243 - INFO - Starting ................
2024-03-10 18:32:22,243 - INFO - ended. process_time: 0.0
2024-03-10 18:32:39,346 - INFO - Starting ................
2024-03-10 18:32:39,354 - INFO - ended. process_time: 0.00800180435180664
2024-03-10 18:32:39,657 - INFO - Starting ................
2024-03-10 18:32:39,673 - INFO - ended. process_time: 0.016332149505615234
2024-03-10 18:33:03,907 - INFO - Starting ................
2024-03-10 18:33:03,907 - INFO - ended. process_time: 0.0
2024-03-10 18:33:10,561 - INFO - Starting ................
2024-03-10 18:33:10,569 - INFO - ended. process_time: 0.0
2024-03-10 18:33:13,519 - INFO - Starting ................
2024-03-10 18:33:13,519 - INFO - ended. process_time: 0.0
2024-03-10 18:33:23,755 - INFO - Starting ................
2024-03-10 18:33:23,755 - INFO - ended. process_time: 0.0
2024-03-10 18:33:23,917 - INFO - Starting ................
2024-03-10 18:33:23,925 - INFO - ended. process_time: 0.007999658584594727
2024-03-10 18:33:27,819 - INFO - Starting ................
2024-03-10 18:33:27,827 - INFO - ended. process_time: 0.0
2024-03-10 18:33:30,691 - INFO - Starting ................
2024-03-10 18:33:30,691 - INFO - ended. process_time: 0.0
2024-03-10 18:33:30,852 - INFO - Starting ................
2024-03-10 18:33:30,852 - INFO - ended. process_time: 0.0
2024-03-10 18:33:31,553 - INFO - Starting ................
2024-03-10 18:33:31,553 - INFO - ended. process_time: 0.0
2024-03-10 18:33:31,704 - INFO - Starting ................
2024-03-10 18:33:31,704 - INFO - ended. process_time: 0.0
2024-03-10 18:33:36,602 - INFO - Starting ................
2024-03-10 18:33:36,602 - INFO - ended. process_time: 0.0
2024-03-10 18:34:10,471 - INFO - starting app
2024-03-10 18:34:32,832 - INFO - Starting ................
2024-03-10 18:34:32,840 - INFO - ended. process_time: 0.007995128631591797
2024-03-10 18:34:36,423 - INFO - Starting ................
2024-03-10 18:34:36,423 - INFO - ended. process_time: 0.0
2024-03-10 18:34:36,619 - INFO - Starting ................
2024-03-10 18:34:36,636 - INFO - ended. process_time: 0.01694965362548828
2024-03-10 18:34:43,493 - INFO - Starting ................
2024-03-10 18:34:43,493 - INFO - ended. process_time: 0.0
2024-03-10 18:35:04,089 - INFO - Starting ................
2024-03-10 18:35:04,089 - INFO - ended. process_time: 0.0
2024-03-10 18:35:45,695 - INFO - starting app
2024-03-10 18:35:47,802 - INFO - starting app
2024-03-10 18:38:43,425 - INFO - starting app
2024-03-10 18:39:18,831 - INFO - Starting ................
2024-03-10 18:39:18,839 - INFO - ended. process_time: 0.007996082305908203
2024-03-10 18:39:19,110 - INFO - Starting ................
2024-03-10 18:39:19,122 - INFO - ended. process_time: 0.01203608512878418
2024-03-10 18:39:35,328 - INFO - Starting ................
2024-03-10 18:39:35,336 - INFO - ended. process_time: 0.00799703598022461
2024-03-10 18:39:55,721 - INFO - Starting ................
2024-03-10 18:39:55,721 - INFO - ended. process_time: 0.0
2024-03-10 18:40:22,696 - INFO - Starting ................
2024-03-10 18:40:22,696 - INFO - ended. process_time: 0.0
2024-03-10 18:40:48,148 - INFO - Starting ................
2024-03-10 18:40:48,148 - INFO - ended. process_time: 0.0
2024-03-10 18:40:49,027 - INFO - Starting ................
2024-03-10 18:40:49,027 - INFO - ended. process_time: 0.0
2024-03-10 18:40:53,670 - INFO - Starting ................
2024-03-10 18:40:53,678 - INFO - ended. process_time: 0.00016927719116210938
2024-03-10 18:40:59,785 - INFO - Starting ................
2024-03-10 18:40:59,785 - INFO - ended. process_time: 0.0
2024-03-10 18:43:47,931 - INFO - starting app
2024-03-10 18:44:49,517 - INFO - starting app
2024-03-10 18:44:54,979 - INFO - starting app
2024-03-10 18:44:57,520 - INFO - starting app
2024-03-10 18:44:59,739 - INFO - starting app
2024-03-10 18:46:14,485 - INFO - starting app
2024-03-10 18:47:32,810 - INFO - starting app
2024-03-10 18:47:35,384 - INFO - starting app
2024-03-10 18:47:39,654 - INFO - starting app
2024-03-10 18:47:46,306 - INFO - starting app
2024-03-10 18:47:56,613 - INFO - starting app
2024-03-10 18:48:04,739 - INFO - starting app
2024-03-10 18:48:57,924 - INFO - starting app
2024-03-10 19:08:22,459 - INFO - starting app
2024-03-10 19:08:24,983 - INFO - starting app
2024-03-10 19:08:53,524 - INFO - starting app
2024-03-10 19:08:59,330 - INFO - starting app
2024-03-10 19:09:01,499 - INFO - starting app
2024-03-10 19:09:11,995 - INFO - starting app
2024-03-10 19:09:15,787 - INFO - starting app
2024-03-10 19:09:17,995 - INFO - starting app
2024-03-10 19:09:19,892 - INFO - starting app
2024-03-10 19:09:21,740 - INFO - starting app
2024-03-10 19:09:28,832 - INFO - Starting ................
2024-03-10 19:09:28,840 - INFO - ended. process_time: 0.008005142211914062
2024-03-10 19:09:29,172 - INFO - Starting ................
2024-03-10 19:09:29,187 - INFO - ended. process_time: 0.015355587005615234
2024-03-10 19:09:57,349 - INFO - Starting ................
2024-03-10 19:09:57,349 - INFO - ended. process_time: 0.0
2024-03-10 19:10:41,458 - INFO - starting app
2024-03-10 19:12:13,070 - INFO - Starting ................
2024-03-10 19:12:13,070 - INFO - ended. process_time: 0.0
2024-03-10 19:12:13,313 - INFO - Starting ................
2024-03-10 19:12:13,329 - INFO - ended. process_time: 0.007822990417480469
2024-03-10 19:12:28,521 - INFO - Starting ................
2024-03-10 19:12:28,521 - INFO - ended. process_time: 0.0
2024-03-10 19:12:41,986 - INFO - starting app
2024-03-10 19:12:42,293 - INFO - Starting ................
2024-03-10 19:12:42,293 - INFO - ended. process_time: 0.0
2024-03-10 19:12:42,511 - INFO - Starting ................
2024-03-10 19:12:42,519 - INFO - ended. process_time: 0.008033037185668945
2024-03-10 19:12:53,014 - INFO - Starting ................
2024-03-10 19:12:53,014 - INFO - ended. process_time: 0.0
2024-03-10 19:14:08,234 - INFO - starting app
2024-03-10 19:14:11,250 - INFO - starting app
2024-03-10 19:14:15,887 - INFO - starting app
2024-03-10 19:14:18,175 - INFO - starting app
2024-03-10 19:15:22,171 - INFO - starting app
2024-03-10 19:15:27,389 - INFO - starting app
2024-03-10 19:15:28,557 - INFO - Starting ................
2024-03-10 19:15:28,565 - INFO - ended. process_time: 0.008006811141967773
2024-03-10 19:15:28,741 - INFO - Starting ................
2024-03-10 19:15:28,759 - INFO - ended. process_time: 0.01717996597290039
2024-03-10 19:15:40,339 - INFO - Starting ................
2024-03-10 19:15:40,339 - INFO - ended. process_time: 0.0
2024-03-10 19:16:06,879 - INFO - starting app
2024-03-10 20:48:27,473 - INFO - starting app
2024-03-10 20:48:36,377 - INFO - starting app
2024-03-10 20:48:37,945 - INFO - Starting ................
2024-03-10 20:48:37,947 - INFO - ended. process_time: 0.0009984970092773438
2024-03-10 20:48:38,073 - INFO - Starting ................
2024-03-10 20:48:38,087 - INFO - ended. process_time: 0.014134883880615234
2024-03-10 20:48:50,160 - INFO - Starting ................
2024-03-10 20:48:50,164 - INFO - ended. process_time: 0.003271818161010742
2024-03-10 20:49:14,146 - INFO - Starting ................
2024-03-10 20:49:14,148 - INFO - ended. process_time: 0.0009996891021728516
2024-03-10 20:49:32,587 - INFO - starting app
2024-03-10 20:49:42,872 - INFO - Starting ................
2024-03-10 20:49:42,874 - INFO - ended. process_time: 0.001001119613647461
2024-03-10 20:49:43,016 - INFO - Starting ................
2024-03-10 20:49:43,026 - INFO - ended. process_time: 0.009992122650146484
2024-03-10 20:49:59,654 - INFO - Starting ................
2024-03-10 20:49:59,656 - INFO - ended. process_time: 0.0010025501251220703
2024-03-10 20:50:13,524 - INFO - Starting ................
2024-03-10 20:50:13,527 - INFO - ended. process_time: 0.001134634017944336
2024-03-10 20:50:19,385 - INFO - Starting ................
2024-03-10 20:50:19,388 - INFO - ended. process_time: 0.0019989013671875
2024-03-10 20:59:42,447 - INFO - starting app
2024-03-10 20:59:47,276 - INFO - Starting ................
2024-03-10 20:59:47,280 - INFO - ended. process_time: 0.003996849060058594
2024-03-10 20:59:51,653 - INFO - Starting ................
2024-03-10 20:59:51,656 - INFO - ended. process_time: 0.00099945068359375
2024-03-10 20:59:51,789 - INFO - Starting ................
2024-03-10 20:59:51,798 - INFO - ended. process_time: 0.007993698120117188
